<?xml version="1.0" encoding="UTF-8"?>
<!-- Generated by org.testng.reporters.JUnitReportReporter -->
<testsuite hostname="Raheel-Win100" failures="0" tests="5" name="runner.loginRunner" time="21.025" errors="0" timestamp="2023-03-22T09:55:20 EDT" skipped="0">
  <testcase classname="runner.loginRunner" name="runScenario" time="3.559"/>
  <system-out/>
  <testcase classname="runner.loginRunner" name="runScenario" time="3.763"/>
  <system-out/>
  <testcase classname="runner.loginRunner" name="runScenario" time="4.189"/>
  <system-out/>
  <testcase classname="runner.loginRunner" name="runScenario" time="3.837"/>
  <system-out/>
  <testcase classname="runner.loginRunner" name="runScenario" time="5.677"/>
  <system-out/>
</testsuite> <!-- runner.loginRunner -->
